<?xml version="1.0" encoding="UTF-8"?>
<coverage generated="1703966248959" clover="3.2.0">
  <project timestamp="1703966248960" name="All files">
    <metrics statements="102" coveredstatements="99" conditionals="23" coveredconditionals="22" methods="35" coveredmethods="33" elements="160" coveredelements="154" complexity="0" loc="102" ncloc="102" packages="3" files="6" classes="6"/>
    <package name="bingo">
      <metrics statements="9" coveredstatements="9" conditionals="0" coveredconditionals="0" methods="1" coveredmethods="1"/>
      <file name="server.js" path="/workspaces/bingo/server.js">
        <metrics statements="9" coveredstatements="9" conditionals="0" coveredconditionals="0" methods="1" coveredmethods="1"/>
        <line num="1" count="1" type="stmt"/>
        <line num="2" count="1" type="stmt"/>
        <line num="3" count="1" type="stmt"/>
        <line num="8" count="1" type="stmt"/>
        <line num="10" count="1" type="stmt"/>
        <line num="22" count="1" type="stmt"/>
        <line num="23" count="1" type="stmt"/>
        <line num="24" count="1" type="stmt"/>
        <line num="27" count="1" type="stmt"/>
      </file>
    </package>
    <package name="bingo.controllers">
      <metrics statements="70" coveredstatements="69" conditionals="21" coveredconditionals="21" methods="30" coveredmethods="28"/>
      <file name="BingoCard.js" path="/workspaces/bingo/controllers/BingoCard.js">
        <metrics statements="16" coveredstatements="15" conditionals="0" coveredconditionals="0" methods="5" coveredmethods="4"/>
        <line num="1" count="2" type="stmt"/>
        <line num="6" count="2" type="stmt"/>
        <line num="10" count="15" type="stmt"/>
        <line num="11" count="15" type="stmt"/>
        <line num="13" count="15" type="stmt"/>
        <line num="14" count="95" type="stmt"/>
        <line num="15" count="95" type="stmt"/>
        <line num="18" count="15" type="stmt"/>
        <line num="22" count="3" type="stmt"/>
        <line num="23" count="3" type="stmt"/>
        <line num="25" count="3" type="stmt"/>
        <line num="26" count="15" type="stmt"/>
        <line num="29" count="3" type="stmt"/>
        <line num="31" count="3" type="stmt"/>
        <line num="35" count="0" type="stmt"/>
        <line num="39" count="2" type="stmt"/>
      </file>
      <file name="BingoGame.js" path="/workspaces/bingo/controllers/BingoGame.js">
        <metrics statements="21" coveredstatements="21" conditionals="9" coveredconditionals="9" methods="8" coveredmethods="7"/>
        <line num="1" count="2" type="stmt"/>
        <line num="8" count="2" type="stmt"/>
        <line num="12" count="9" type="stmt"/>
        <line num="13" count="9" type="stmt"/>
        <line num="14" count="9" type="stmt"/>
        <line num="18" count="2" type="cond" truecount="2" falsecount="0"/>
        <line num="19" count="1" type="stmt"/>
        <line num="20" count="1" type="stmt"/>
        <line num="21" count="1" type="stmt"/>
        <line num="22" count="1" type="stmt"/>
        <line num="24" count="1" type="stmt"/>
        <line num="25" count="1" type="stmt"/>
        <line num="30" count="3" type="stmt"/>
        <line num="31" count="3" type="stmt"/>
        <line num="35" count="3" type="cond" truecount="2" falsecount="0"/>
        <line num="36" count="2" type="stmt"/>
        <line num="37" count="2" type="stmt"/>
        <line num="42" count="1" type="stmt"/>
        <line num="46" count="10" type="stmt"/>
        <line num="47" count="3" type="cond" truecount="5" falsecount="0"/>
        <line num="55" count="2" type="stmt"/>
      </file>
      <file name="BingoNumberPool.js" path="/workspaces/bingo/controllers/BingoNumberPool.js">
        <metrics statements="11" coveredstatements="11" conditionals="0" coveredconditionals="0" methods="3" coveredmethods="3"/>
        <line num="4" count="3" type="stmt"/>
        <line num="7" count="12" type="stmt"/>
        <line num="8" count="12" type="stmt"/>
        <line num="16" count="12" type="stmt"/>
        <line num="17" count="60" type="stmt"/>
        <line num="18" count="900" type="stmt"/>
        <line num="21" count="12" type="stmt"/>
        <line num="25" count="15" type="stmt"/>
        <line num="31" count="15" type="stmt"/>
        <line num="35" count="95" type="stmt"/>
        <line num="42" count="3" type="stmt"/>
      </file>
      <file name="BingoRules.js" path="/workspaces/bingo/controllers/BingoRules.js">
        <metrics statements="22" coveredstatements="22" conditionals="12" coveredconditionals="12" methods="14" coveredmethods="14"/>
        <line num="3" count="5" type="stmt"/>
        <line num="4" count="9" type="stmt"/>
        <line num="5" count="34" type="cond" truecount="2" falsecount="0"/>
        <line num="11" count="5" type="stmt"/>
        <line num="15" count="5" type="stmt"/>
        <line num="19" count="5" type="stmt"/>
        <line num="20" count="11" type="cond" truecount="2" falsecount="0"/>
        <line num="23" count="5" type="stmt"/>
        <line num="24" count="7" type="cond" truecount="2" falsecount="0"/>
        <line num="27" count="5" type="cond" truecount="2" falsecount="0"/>
        <line num="31" count="5" type="stmt"/>
        <line num="32" count="24" type="stmt"/>
        <line num="33" count="38" type="cond" truecount="2" falsecount="0"/>
        <line num="39" count="4" type="stmt"/>
        <line num="40" count="4" type="stmt"/>
        <line num="41" count="17" type="stmt"/>
        <line num="42" count="23" type="cond" truecount="2" falsecount="0"/>
        <line num="48" count="4" type="stmt"/>
        <line num="49" count="4" type="stmt"/>
        <line num="50" count="4" type="stmt"/>
        <line num="54" count="10" type="stmt"/>
        <line num="59" count="3" type="stmt"/>
      </file>
    </package>
    <package name="bingo.routes">
      <metrics statements="23" coveredstatements="21" conditionals="2" coveredconditionals="1" methods="4" coveredmethods="4"/>
      <file name="bingoRoutes.js" path="/workspaces/bingo/routes/bingoRoutes.js">
        <metrics statements="23" coveredstatements="21" conditionals="2" coveredconditionals="1" methods="4" coveredmethods="4"/>
        <line num="1" count="1" type="stmt"/>
        <line num="2" count="1" type="stmt"/>
        <line num="3" count="1" type="stmt"/>
        <line num="4" count="1" type="stmt"/>
        <line num="5" count="1" type="stmt"/>
        <line num="6" count="1" type="stmt"/>
        <line num="10" count="1" type="stmt"/>
        <line num="11" count="1" type="stmt"/>
        <line num="12" count="1" type="stmt"/>
        <line num="14" count="1" type="stmt"/>
        <line num="19" count="1" type="stmt"/>
        <line num="20" count="1" type="stmt"/>
        <line num="21" count="1" type="stmt"/>
        <line num="24" count="1" type="stmt"/>
        <line num="25" count="1" type="stmt"/>
        <line num="26" count="1" type="stmt"/>
        <line num="30" count="1" type="stmt"/>
        <line num="31" count="1" type="stmt"/>
        <line num="33" count="1" type="cond" truecount="1" falsecount="1"/>
        <line num="34" count="0" type="stmt"/>
        <line num="35" count="0" type="stmt"/>
        <line num="38" count="1" type="stmt"/>
        <line num="43" count="1" type="stmt"/>
      </file>
    </package>
  </project>
</coverage>
