{"/workspaces/bingo/server.js": {"path":"/workspaces/bingo/server.js","statementMap":{"0":{"start":{"line":1,"column":16},"end":{"line":1,"column":34}},"1":{"start":{"line":2,"column":12},"end":{"line":2,"column":21}},"2":{"start":{"line":3,"column":20},"end":{"line":3,"column":51}},"3":{"start":{"line":8,"column":0},"end":{"line":8,"column":24}},"4":{"start":{"line":10,"column":0},"end":{"line":10,"column":31}},"5":{"start":{"line":22,"column":13},"end":{"line":22,"column":17}},"6":{"start":{"line":23,"column":15},"end":{"line":25,"column":2}},"7":{"start":{"line":24,"column":4},"end":{"line":24,"column":49}},"8":{"start":{"line":27,"column":0},"end":{"line":27,"column":24}}},"fnMap":{"0":{"name":"(anonymous_0)","decl":{"start":{"line":23,"column":32},"end":{"line":23,"column":33}},"loc":{"start":{"line":23,"column":38},"end":{"line":25,"column":1}},"line":23}},"branchMap":{},"s":{"0":1,"1":1,"2":1,"3":1,"4":1,"5":1,"6":1,"7":1,"8":1},"f":{"0":1},"b":{},"_coverageSchema":"1a1c01bbd47fc00a2c39e90264f33305004495a9","hash":"5b1eeb101672436860154fe1cb1183ff2d294b9a"}
,"/workspaces/bingo/controllers/BingoCard.js": {"path":"/workspaces/bingo/controllers/BingoCard.js","statementMap":{"0":{"start":{"line":1,"column":24},"end":{"line":1,"column":52}},"1":{"start":{"line":6,"column":8},"end":{"line":6,"column":45}},"2":{"start":{"line":10,"column":23},"end":{"line":10,"column":32}},"3":{"start":{"line":11,"column":27},"end":{"line":11,"column":70}},"4":{"start":{"line":13,"column":8},"end":{"line":16,"column":9}},"5":{"start":{"line":14,"column":27},"end":{"line":14,"column":75}},"6":{"start":{"line":15,"column":12},"end":{"line":15,"column":31}},"7":{"start":{"line":18,"column":8},"end":{"line":18,"column":34}},"8":{"start":{"line":22,"column":21},"end":{"line":22,"column":23}},"9":{"start":{"line":23,"column":24},"end":{"line":23,"column":49}},"10":{"start":{"line":25,"column":8},"end":{"line":27,"column":11}},"11":{"start":{"line":26,"column":12},"end":{"line":26,"column":60}},"12":{"start":{"line":29,"column":8},"end":{"line":29,"column":30}},"13":{"start":{"line":31,"column":8},"end":{"line":31,"column":20}},"14":{"start":{"line":35,"column":8},"end":{"line":35,"column":25}},"15":{"start":{"line":39,"column":0},"end":{"line":39,"column":27}}},"fnMap":{"0":{"name":"(anonymous_0)","decl":{"start":{"line":5,"column":4},"end":{"line":5,"column":5}},"loc":{"start":{"line":5,"column":18},"end":{"line":7,"column":5}},"line":5},"1":{"name":"(anonymous_1)","decl":{"start":{"line":9,"column":4},"end":{"line":9,"column":5}},"loc":{"start":{"line":9,"column":32},"end":{"line":19,"column":5}},"line":9},"2":{"name":"(anonymous_2)","decl":{"start":{"line":21,"column":4},"end":{"line":21,"column":5}},"loc":{"start":{"line":21,"column":24},"end":{"line":32,"column":5}},"line":21},"3":{"name":"(anonymous_3)","decl":{"start":{"line":25,"column":24},"end":{"line":25,"column":25}},"loc":{"start":{"line":25,"column":34},"end":{"line":27,"column":9}},"line":25},"4":{"name":"(anonymous_4)","decl":{"start":{"line":34,"column":4},"end":{"line":34,"column":5}},"loc":{"start":{"line":34,"column":14},"end":{"line":36,"column":5}},"line":34}},"branchMap":{},"s":{"0":2,"1":2,"2":15,"3":15,"4":15,"5":95,"6":95,"7":15,"8":3,"9":3,"10":3,"11":15,"12":3,"13":3,"14":0,"15":2},"f":{"0":2,"1":15,"2":3,"3":15,"4":0},"b":{},"_coverageSchema":"1a1c01bbd47fc00a2c39e90264f33305004495a9","hash":"f2c5b0fea85724086624f954fd9cbd240a55b267"}
,"/workspaces/bingo/controllers/BingoGame.js": {"path":"/workspaces/bingo/controllers/BingoGame.js","statementMap":{"0":{"start":{"line":1,"column":24},"end":{"line":1,"column":52}},"1":{"start":{"line":8,"column":4},"end":{"line":8,"column":27}},"2":{"start":{"line":12,"column":8},"end":{"line":12,"column":70}},"3":{"start":{"line":13,"column":8},"end":{"line":13,"column":31}},"4":{"start":{"line":14,"column":8},"end":{"line":14,"column":31}},"5":{"start":{"line":18,"column":8},"end":{"line":26,"column":9}},"6":{"start":{"line":19,"column":32},"end":{"line":19,"column":88}},"7":{"start":{"line":20,"column":30},"end":{"line":20,"column":77}},"8":{"start":{"line":21,"column":12},"end":{"line":21,"column":46}},"9":{"start":{"line":22,"column":12},"end":{"line":22,"column":74}},"10":{"start":{"line":24,"column":12},"end":{"line":24,"column":59}},"11":{"start":{"line":25,"column":12},"end":{"line":25,"column":28}},"12":{"start":{"line":30,"column":8},"end":{"line":30,"column":69}},"13":{"start":{"line":30,"column":44},"end":{"line":30,"column":61}},"14":{"start":{"line":31,"column":8},"end":{"line":31,"column":58}},"15":{"start":{"line":35,"column":8},"end":{"line":38,"column":9}},"16":{"start":{"line":36,"column":12},"end":{"line":36,"column":43}},"17":{"start":{"line":37,"column":12},"end":{"line":37,"column":50}},"18":{"start":{"line":42,"column":8},"end":{"line":42,"column":33}},"19":{"start":{"line":46,"column":34},"end":{"line":46,"column":78}},"20":{"start":{"line":46,"column":65},"end":{"line":46,"column":77}},"21":{"start":{"line":47,"column":8},"end":{"line":51,"column":62}},"22":{"start":{"line":55,"column":0},"end":{"line":55,"column":27}}},"fnMap":{"0":{"name":"(anonymous_0)","decl":{"start":{"line":11,"column":4},"end":{"line":11,"column":5}},"loc":{"start":{"line":11,"column":18},"end":{"line":15,"column":5}},"line":11},"1":{"name":"(anonymous_1)","decl":{"start":{"line":17,"column":4},"end":{"line":17,"column":5}},"loc":{"start":{"line":17,"column":17},"end":{"line":27,"column":5}},"line":17},"2":{"name":"(anonymous_2)","decl":{"start":{"line":29,"column":4},"end":{"line":29,"column":5}},"loc":{"start":{"line":29,"column":16},"end":{"line":32,"column":5}},"line":29},"3":{"name":"(anonymous_3)","decl":{"start":{"line":30,"column":38},"end":{"line":30,"column":39}},"loc":{"start":{"line":30,"column":44},"end":{"line":30,"column":61}},"line":30},"4":{"name":"(anonymous_4)","decl":{"start":{"line":34,"column":4},"end":{"line":34,"column":5}},"loc":{"start":{"line":34,"column":15},"end":{"line":39,"column":5}},"line":34},"5":{"name":"(anonymous_5)","decl":{"start":{"line":41,"column":4},"end":{"line":41,"column":5}},"loc":{"start":{"line":41,"column":22},"end":{"line":43,"column":5}},"line":41},"6":{"name":"(anonymous_6)","decl":{"start":{"line":45,"column":4},"end":{"line":45,"column":5}},"loc":{"start":{"line":45,"column":31},"end":{"line":52,"column":5}},"line":45},"7":{"name":"(anonymous_7)","decl":{"start":{"line":46,"column":56},"end":{"line":46,"column":57}},"loc":{"start":{"line":46,"column":65},"end":{"line":46,"column":77}},"line":46}},"branchMap":{"0":{"loc":{"start":{"line":18,"column":8},"end":{"line":26,"column":9}},"type":"if","locations":[{"start":{"line":18,"column":8},"end":{"line":26,"column":9}},{"start":{"line":23,"column":15},"end":{"line":26,"column":9}}],"line":18},"1":{"loc":{"start":{"line":35,"column":8},"end":{"line":38,"column":9}},"type":"if","locations":[{"start":{"line":35,"column":8},"end":{"line":38,"column":9}},{"start":{},"end":{}}],"line":35},"2":{"loc":{"start":{"line":47,"column":15},"end":{"line":51,"column":61}},"type":"binary-expr","locations":[{"start":{"line":47,"column":15},"end":{"line":47,"column":57}},{"start":{"line":48,"column":12},"end":{"line":48,"column":58}},{"start":{"line":49,"column":12},"end":{"line":49,"column":58}},{"start":{"line":50,"column":12},"end":{"line":50,"column":60}},{"start":{"line":51,"column":12},"end":{"line":51,"column":61}}],"line":47}},"s":{"0":2,"1":2,"2":9,"3":9,"4":9,"5":2,"6":1,"7":1,"8":1,"9":1,"10":1,"11":1,"12":3,"13":0,"14":3,"15":3,"16":2,"17":2,"18":1,"19":3,"20":10,"21":3,"22":2},"f":{"0":9,"1":2,"2":3,"3":0,"4":3,"5":1,"6":3,"7":10},"b":{"0":[1,1],"1":[2,1],"2":[3,3,3,2,2]},"_coverageSchema":"1a1c01bbd47fc00a2c39e90264f33305004495a9","hash":"ae5cca99f0df03e2c57d5775220664f84d0e603c"}
,"/workspaces/bingo/controllers/BingoNumberPool.js": {"path":"/workspaces/bingo/controllers/BingoNumberPool.js","statementMap":{"0":{"start":{"line":4,"column":26},"end":{"line":4,"column":64}},"1":{"start":{"line":7,"column":24},"end":{"line":7,"column":26}},"2":{"start":{"line":8,"column":23},"end":{"line":14,"column":9}},"3":{"start":{"line":16,"column":8},"end":{"line":20,"column":9}},"4":{"start":{"line":17,"column":12},"end":{"line":19,"column":13}},"5":{"start":{"line":17,"column":25},"end":{"line":17,"column":42}},"6":{"start":{"line":18,"column":16},"end":{"line":18,"column":60}},"7":{"start":{"line":21,"column":8},"end":{"line":21,"column":23}},"8":{"start":{"line":25,"column":23},"end":{"line":30,"column":27}},"9":{"start":{"line":31,"column":8},"end":{"line":31,"column":30}},"10":{"start":{"line":35,"column":8},"end":{"line":35,"column":65}},"11":{"start":{"line":42,"column":0},"end":{"line":42,"column":33}}},"fnMap":{"0":{"name":"(anonymous_0)","decl":{"start":{"line":6,"column":4},"end":{"line":6,"column":5}},"loc":{"start":{"line":6,"column":34},"end":{"line":22,"column":5}},"line":6},"1":{"name":"(anonymous_1)","decl":{"start":{"line":24,"column":4},"end":{"line":24,"column":5}},"loc":{"start":{"line":24,"column":39},"end":{"line":32,"column":5}},"line":24},"2":{"name":"(anonymous_2)","decl":{"start":{"line":34,"column":4},"end":{"line":34,"column":5}},"loc":{"start":{"line":34,"column":44},"end":{"line":36,"column":5}},"line":34}},"branchMap":{},"s":{"0":3,"1":12,"2":12,"3":12,"4":60,"5":60,"6":900,"7":12,"8":15,"9":15,"10":95,"11":3},"f":{"0":12,"1":15,"2":95},"b":{},"_coverageSchema":"1a1c01bbd47fc00a2c39e90264f33305004495a9","hash":"b81c42eac055c6009582ff0948fc3174ab7e7344"}
,"/workspaces/bingo/controllers/BingoRules.js": {"path":"/workspaces/bingo/controllers/BingoRules.js","statementMap":{"0":{"start":{"line":3,"column":4},"end":{"line":7,"column":6}},"1":{"start":{"line":4,"column":8},"end":{"line":6,"column":9}},"2":{"start":{"line":5,"column":12},"end":{"line":5,"column":67}},"3":{"start":{"line":11,"column":33},"end":{"line":13,"column":5}},"4":{"start":{"line":15,"column":33},"end":{"line":17,"column":5}},"5":{"start":{"line":19,"column":38},"end":{"line":21,"column":5}},"6":{"start":{"line":20,"column":8},"end":{"line":20,"column":63}},"7":{"start":{"line":23,"column":38},"end":{"line":25,"column":5}},"8":{"start":{"line":24,"column":8},"end":{"line":24,"column":63}},"9":{"start":{"line":27,"column":4},"end":{"line":27,"column":66}},"10":{"start":{"line":31,"column":4},"end":{"line":35,"column":6}},"11":{"start":{"line":32,"column":8},"end":{"line":34,"column":9}},"12":{"start":{"line":33,"column":12},"end":{"line":33,"column":67}},"13":{"start":{"line":39,"column":17},"end":{"line":39,"column":32}},"14":{"start":{"line":40,"column":4},"end":{"line":44,"column":6}},"15":{"start":{"line":41,"column":8},"end":{"line":43,"column":9}},"16":{"start":{"line":42,"column":12},"end":{"line":42,"column":99}},"17":{"start":{"line":48,"column":4},"end":{"line":48,"column":22}},"18":{"start":{"line":49,"column":4},"end":{"line":49,"column":35}},"19":{"start":{"line":50,"column":20},"end":{"line":53,"column":5}},"20":{"start":{"line":54,"column":4},"end":{"line":54,"column":71}},"21":{"start":{"line":54,"column":35},"end":{"line":54,"column":69}},"22":{"start":{"line":59,"column":0},"end":{"line":65,"column":2}}},"fnMap":{"0":{"name":"isFullMatch","decl":{"start":{"line":2,"column":9},"end":{"line":2,"column":20}},"loc":{"start":{"line":2,"column":46},"end":{"line":8,"column":1}},"line":2},"1":{"name":"(anonymous_1)","decl":{"start":{"line":3,"column":43},"end":{"line":3,"column":44}},"loc":{"start":{"line":4,"column":8},"end":{"line":6,"column":9}},"line":4},"2":{"name":"(anonymous_2)","decl":{"start":{"line":4,"column":27},"end":{"line":4,"column":28}},"loc":{"start":{"line":5,"column":12},"end":{"line":5,"column":67}},"line":5},"3":{"name":"isDiagonalMatch","decl":{"start":{"line":10,"column":9},"end":{"line":10,"column":24}},"loc":{"start":{"line":10,"column":50},"end":{"line":28,"column":1}},"line":10},"4":{"name":"(anonymous_4)","decl":{"start":{"line":19,"column":65},"end":{"line":19,"column":66}},"loc":{"start":{"line":20,"column":8},"end":{"line":20,"column":63}},"line":20},"5":{"name":"(anonymous_5)","decl":{"start":{"line":23,"column":65},"end":{"line":23,"column":66}},"loc":{"start":{"line":24,"column":8},"end":{"line":24,"column":63}},"line":24},"6":{"name":"isVerticalMatch","decl":{"start":{"line":30,"column":9},"end":{"line":30,"column":24}},"loc":{"start":{"line":30,"column":50},"end":{"line":36,"column":1}},"line":30},"7":{"name":"(anonymous_7)","decl":{"start":{"line":31,"column":42},"end":{"line":31,"column":43}},"loc":{"start":{"line":32,"column":8},"end":{"line":34,"column":9}},"line":32},"8":{"name":"(anonymous_8)","decl":{"start":{"line":32,"column":27},"end":{"line":32,"column":28}},"loc":{"start":{"line":33,"column":12},"end":{"line":33,"column":67}},"line":33},"9":{"name":"isHorizontalMatch","decl":{"start":{"line":38,"column":9},"end":{"line":38,"column":26}},"loc":{"start":{"line":38,"column":52},"end":{"line":45,"column":1}},"line":38},"10":{"name":"(anonymous_10)","decl":{"start":{"line":40,"column":21},"end":{"line":40,"column":22}},"loc":{"start":{"line":41,"column":8},"end":{"line":43,"column":9}},"line":41},"11":{"name":"(anonymous_11)","decl":{"start":{"line":41,"column":40},"end":{"line":41,"column":41}},"loc":{"start":{"line":42,"column":12},"end":{"line":42,"column":99}},"line":42},"12":{"name":"isFourCornersMatch","decl":{"start":{"line":47,"column":9},"end":{"line":47,"column":27}},"loc":{"start":{"line":47,"column":53},"end":{"line":57,"column":1}},"line":47},"13":{"name":"(anonymous_13)","decl":{"start":{"line":54,"column":25},"end":{"line":54,"column":26}},"loc":{"start":{"line":54,"column":35},"end":{"line":54,"column":69}},"line":54}},"branchMap":{"0":{"loc":{"start":{"line":5,"column":12},"end":{"line":5,"column":67}},"type":"binary-expr","locations":[{"start":{"line":5,"column":12},"end":{"line":5,"column":46}},{"start":{"line":5,"column":50},"end":{"line":5,"column":67}}],"line":5},"1":{"loc":{"start":{"line":20,"column":8},"end":{"line":20,"column":63}},"type":"binary-expr","locations":[{"start":{"line":20,"column":8},"end":{"line":20,"column":42}},{"start":{"line":20,"column":46},"end":{"line":20,"column":63}}],"line":20},"2":{"loc":{"start":{"line":24,"column":8},"end":{"line":24,"column":63}},"type":"binary-expr","locations":[{"start":{"line":24,"column":8},"end":{"line":24,"column":42}},{"start":{"line":24,"column":46},"end":{"line":24,"column":63}}],"line":24},"3":{"loc":{"start":{"line":27,"column":11},"end":{"line":27,"column":65}},"type":"binary-expr","locations":[{"start":{"line":27,"column":11},"end":{"line":27,"column":36}},{"start":{"line":27,"column":40},"end":{"line":27,"column":65}}],"line":27},"4":{"loc":{"start":{"line":33,"column":12},"end":{"line":33,"column":67}},"type":"binary-expr","locations":[{"start":{"line":33,"column":12},"end":{"line":33,"column":46}},{"start":{"line":33,"column":50},"end":{"line":33,"column":67}}],"line":33},"5":{"loc":{"start":{"line":42,"column":12},"end":{"line":42,"column":99}},"type":"binary-expr","locations":[{"start":{"line":42,"column":12},"end":{"line":42,"column":62}},{"start":{"line":42,"column":66},"end":{"line":42,"column":99}}],"line":42}},"s":{"0":5,"1":9,"2":34,"3":5,"4":5,"5":5,"6":11,"7":5,"8":7,"9":5,"10":5,"11":24,"12":38,"13":4,"14":4,"15":17,"16":23,"17":4,"18":4,"19":4,"20":4,"21":10,"22":3},"f":{"0":5,"1":9,"2":34,"3":5,"4":11,"5":7,"6":5,"7":24,"8":38,"9":4,"10":17,"11":23,"12":4,"13":10},"b":{"0":[34,5],"1":[11,4],"2":[7,5],"3":[5,4],"4":[38,22],"5":[23,16]},"_coverageSchema":"1a1c01bbd47fc00a2c39e90264f33305004495a9","hash":"25da11111eb198cf5ea749348bc9cafd8c2a7d85"}
,"/workspaces/bingo/routes/bingoRoutes.js": {"path":"/workspaces/bingo/routes/bingoRoutes.js","statementMap":{"0":{"start":{"line":1,"column":16},"end":{"line":1,"column":34}},"1":{"start":{"line":2,"column":15},"end":{"line":2,"column":31}},"2":{"start":{"line":3,"column":18},"end":{"line":3,"column":53}},"3":{"start":{"line":4,"column":18},"end":{"line":4,"column":53}},"4":{"start":{"line":5,"column":13},"end":{"line":5,"column":28}},"5":{"start":{"line":6,"column":13},"end":{"line":6,"column":28}},"6":{"start":{"line":10,"column":0},"end":{"line":16,"column":3}},"7":{"start":{"line":11,"column":26},"end":{"line":11,"column":50}},"8":{"start":{"line":12,"column":4},"end":{"line":12,"column":31}},"9":{"start":{"line":14,"column":4},"end":{"line":14,"column":27}},"10":{"start":{"line":19,"column":0},"end":{"line":22,"column":3}},"11":{"start":{"line":20,"column":4},"end":{"line":20,"column":21}},"12":{"start":{"line":21,"column":4},"end":{"line":21,"column":51}},"13":{"start":{"line":24,"column":0},"end":{"line":27,"column":3}},"14":{"start":{"line":25,"column":4},"end":{"line":25,"column":20}},"15":{"start":{"line":26,"column":4},"end":{"line":26,"column":38}},"16":{"start":{"line":30,"column":0},"end":{"line":41,"column":3}},"17":{"start":{"line":31,"column":23},"end":{"line":31,"column":31}},"18":{"start":{"line":33,"column":4},"end":{"line":40,"column":5}},"19":{"start":{"line":34,"column":8},"end":{"line":34,"column":54}},"20":{"start":{"line":35,"column":8},"end":{"line":35,"column":24}},"21":{"start":{"line":38,"column":8},"end":{"line":38,"column":62}},"22":{"start":{"line":43,"column":0},"end":{"line":43,"column":24}}},"fnMap":{"0":{"name":"(anonymous_0)","decl":{"start":{"line":10,"column":30},"end":{"line":10,"column":31}},"loc":{"start":{"line":10,"column":44},"end":{"line":16,"column":1}},"line":10},"1":{"name":"(anonymous_1)","decl":{"start":{"line":19,"column":27},"end":{"line":19,"column":28}},"loc":{"start":{"line":19,"column":41},"end":{"line":22,"column":1}},"line":19},"2":{"name":"(anonymous_2)","decl":{"start":{"line":24,"column":26},"end":{"line":24,"column":27}},"loc":{"start":{"line":24,"column":40},"end":{"line":27,"column":1}},"line":24},"3":{"name":"(anonymous_3)","decl":{"start":{"line":30,"column":26},"end":{"line":30,"column":27}},"loc":{"start":{"line":30,"column":40},"end":{"line":41,"column":1}},"line":30}},"branchMap":{"0":{"loc":{"start":{"line":33,"column":4},"end":{"line":40,"column":5}},"type":"if","locations":[{"start":{"line":33,"column":4},"end":{"line":40,"column":5}},{"start":{"line":37,"column":11},"end":{"line":40,"column":5}}],"line":33}},"s":{"0":1,"1":1,"2":1,"3":1,"4":1,"5":1,"6":1,"7":1,"8":1,"9":1,"10":1,"11":1,"12":1,"13":1,"14":1,"15":1,"16":1,"17":1,"18":1,"19":0,"20":0,"21":1,"22":1},"f":{"0":1,"1":1,"2":1,"3":1},"b":{"0":[0,1]},"_coverageSchema":"1a1c01bbd47fc00a2c39e90264f33305004495a9","hash":"7819590f100bdf82d236fc7b4c6b3ad1d6dca62d"}
}
