TN:
SF:server.js
FN:23,(anonymous_0)
FNF:1
FNH:1
FNDA:1,(anonymous_0)
DA:1,1
DA:2,1
DA:3,1
DA:8,1
DA:10,1
DA:22,1
DA:23,1
DA:24,1
DA:27,1
LF:9
LH:9
BRF:0
BRH:0
end_of_record
TN:
SF:controllers/BingoCard.js
FN:5,(anonymous_0)
FN:9,(anonymous_1)
FN:21,(anonymous_2)
FN:25,(anonymous_3)
FN:34,(anonymous_4)
FNF:5
FNH:4
FNDA:2,(anonymous_0)
FNDA:15,(anonymous_1)
FNDA:3,(anonymous_2)
FNDA:15,(anonymous_3)
FNDA:0,(anonymous_4)
DA:1,2
DA:6,2
DA:10,15
DA:11,15
DA:13,15
DA:14,95
DA:15,95
DA:18,15
DA:22,3
DA:23,3
DA:25,3
DA:26,15
DA:29,3
DA:31,3
DA:35,0
DA:39,2
LF:16
LH:15
BRF:0
BRH:0
end_of_record
TN:
SF:controllers/BingoGame.js
FN:11,(anonymous_0)
FN:17,(anonymous_1)
FN:29,(anonymous_2)
FN:30,(anonymous_3)
FN:34,(anonymous_4)
FN:41,(anonymous_5)
FN:45,(anonymous_6)
FN:46,(anonymous_7)
FNF:8
FNH:7
FNDA:9,(anonymous_0)
FNDA:2,(anonymous_1)
FNDA:3,(anonymous_2)
FNDA:0,(anonymous_3)
FNDA:3,(anonymous_4)
FNDA:1,(anonymous_5)
FNDA:3,(anonymous_6)
FNDA:10,(anonymous_7)
DA:1,2
DA:8,2
DA:12,9
DA:13,9
DA:14,9
DA:18,2
DA:19,1
DA:20,1
DA:21,1
DA:22,1
DA:24,1
DA:25,1
DA:30,3
DA:31,3
DA:35,3
DA:36,2
DA:37,2
DA:42,1
DA:46,10
DA:47,3
DA:55,2
LF:21
LH:21
BRDA:18,0,0,1
BRDA:18,0,1,1
BRDA:35,1,0,2
BRDA:35,1,1,1
BRDA:47,2,0,3
BRDA:47,2,1,3
BRDA:47,2,2,3
BRDA:47,2,3,2
BRDA:47,2,4,2
BRF:9
BRH:9
end_of_record
TN:
SF:controllers/BingoNumberPool.js
FN:6,(anonymous_0)
FN:24,(anonymous_1)
FN:34,(anonymous_2)
FNF:3
FNH:3
FNDA:12,(anonymous_0)
FNDA:15,(anonymous_1)
FNDA:95,(anonymous_2)
DA:4,3
DA:7,12
DA:8,12
DA:16,12
DA:17,60
DA:18,900
DA:21,12
DA:25,15
DA:31,15
DA:35,95
DA:42,3
LF:11
LH:11
BRF:0
BRH:0
end_of_record
TN:
SF:controllers/BingoRules.js
FN:2,isFullMatch
FN:3,(anonymous_1)
FN:4,(anonymous_2)
FN:10,isDiagonalMatch
FN:19,(anonymous_4)
FN:23,(anonymous_5)
FN:30,isVerticalMatch
FN:31,(anonymous_7)
FN:32,(anonymous_8)
FN:38,isHorizontalMatch
FN:40,(anonymous_10)
FN:41,(anonymous_11)
FN:47,isFourCornersMatch
FN:54,(anonymous_13)
FNF:14
FNH:14
FNDA:5,isFullMatch
FNDA:9,(anonymous_1)
FNDA:34,(anonymous_2)
FNDA:5,isDiagonalMatch
FNDA:11,(anonymous_4)
FNDA:7,(anonymous_5)
FNDA:5,isVerticalMatch
FNDA:24,(anonymous_7)
FNDA:38,(anonymous_8)
FNDA:4,isHorizontalMatch
FNDA:17,(anonymous_10)
FNDA:23,(anonymous_11)
FNDA:4,isFourCornersMatch
FNDA:10,(anonymous_13)
DA:3,5
DA:4,9
DA:5,34
DA:11,5
DA:15,5
DA:19,5
DA:20,11
DA:23,5
DA:24,7
DA:27,5
DA:31,5
DA:32,24
DA:33,38
DA:39,4
DA:40,4
DA:41,17
DA:42,23
DA:48,4
DA:49,4
DA:50,4
DA:54,10
DA:59,3
LF:22
LH:22
BRDA:5,0,0,34
BRDA:5,0,1,5
BRDA:20,1,0,11
BRDA:20,1,1,4
BRDA:24,2,0,7
BRDA:24,2,1,5
BRDA:27,3,0,5
BRDA:27,3,1,4
BRDA:33,4,0,38
BRDA:33,4,1,22
BRDA:42,5,0,23
BRDA:42,5,1,16
BRF:12
BRH:12
end_of_record
TN:
SF:routes/bingoRoutes.js
FN:10,(anonymous_0)
FN:19,(anonymous_1)
FN:24,(anonymous_2)
FN:30,(anonymous_3)
FNF:4
FNH:4
FNDA:1,(anonymous_0)
FNDA:1,(anonymous_1)
FNDA:1,(anonymous_2)
FNDA:1,(anonymous_3)
DA:1,1
DA:2,1
DA:3,1
DA:4,1
DA:5,1
DA:6,1
DA:10,1
DA:11,1
DA:12,1
DA:14,1
DA:19,1
DA:20,1
DA:21,1
DA:24,1
DA:25,1
DA:26,1
DA:30,1
DA:31,1
DA:33,1
DA:34,0
DA:35,0
DA:38,1
DA:43,1
LF:23
LH:21
BRDA:33,0,0,0
BRDA:33,0,1,1
BRF:2
BRH:1
end_of_record
